<?xml version="1.0" encoding="UTF-8"?>
<testng-results ignored="0" total="1" passed="1" failed="0" skipped="0">
  <reporter-output>
  </reporter-output>
  <suite started-at="2023-07-10T16:54:39 IST" name="Default suite" finished-at="2023-07-10T16:54:39 IST" duration-ms="64">
    <groups>
    </groups>
    <test started-at="2023-07-10T16:54:39 IST" name="Default test" finished-at="2023-07-10T16:54:39 IST" duration-ms="64">
      <class name="WMD_packages.WebMdProject.Test_practise">
        <test-method signature="ts()[pri:0, instance:WMD_packages.WebMdProject.Test_practise@6fd83fc1]" started-at="2023-07-10T16:54:39 IST" name="ts" finished-at="2023-07-10T16:54:39 IST" duration-ms="20" status="PASS">
          <reporter-output>
          </reporter-output>
        </test-method> <!-- ts -->
      </class> <!-- WMD_packages.WebMdProject.Test_practise -->
    </test> <!-- Default test -->
  </suite> <!-- Default suite -->
</testng-results>
